IQ-TREE version 3.0.1 for MacOS ARM 64-bit built Jul  9 2025
Developed by Bui Quang Minh, Thomas Wong, Nhan Ly-Trong, Huaiyan Ren
Contributed by Lam-Tung Nguyen, Dominik Schrempf, Chris Bielow,
Olga Chernomor, Michael Woodhams, Diep Thi Hoang, Heiko Schmidt

Host:    QY066DPX6V.crg.es (SSE4.2, 16 GB RAM)
Command: iqtree -s results_part1_v3/DNA_methylase/DNA_methylase_aligned.fasta -st AA -m JTT+F+I+G4 -nt 8 --safe --redo --fast
Seed:    403332 (Using SPRNG - Scalable Parallel Random Number Generator)
Time:    Mon Oct 20 22:00:35 2025
Kernel:  Safe SSE2 - 8 threads (10 CPU cores detected)

Reading alignment file results_part1_v3/DNA_methylase/DNA_methylase_aligned.fasta ... Fasta format detected
Reading fasta file: done in 0.00948882 secs using 90.23% CPU
Alignment most likely contains protein sequences
Constructing alignment: done in 0.0084579 secs using 74.17% CPU
Alignment has 154 sequences with 5973 columns, 4534 distinct patterns
2455 parsimony-informative, 1562 singleton sites, 1955 constant sites
Analyzing sequences: done in 0.000552893 secs using 243.3% CPU
WARNING: 154 sequences contain more than 50% gaps/ambiguity
Checking for duplicate sequences: done in 0.00114703 secs using 134.6% CPU

Create initial parsimony tree by phylogenetic likelihood library (PLL)... 0.12 seconds

NOTE: 433 MB RAM (0 GB) is required!
Estimate model parameters (epsilon = 0.50)
1. Initial log-likelihood: -190765.90
2. Current log-likelihood: -165863.20
3. Current log-likelihood: -165359.49
4. Current log-likelihood: -165312.44
5. Current log-likelihood: -165293.78
6. Current log-likelihood: -165284.59
7. Current log-likelihood: -165279.70
8. Current log-likelihood: -165276.93
9. Current log-likelihood: -165275.28
10. Current log-likelihood: -165274.26
11. Current log-likelihood: -165273.60
Optimal log-likelihood: -165273.17
Proportion of invariable sites: 0.00
Gamma shape alpha: 1.33
Parameters optimization took 11 rounds (10.87 sec)
Wrote distance file to... 
Computing ML distances based on estimated model parameters...
Calculating distance matrix: done in 1.42193 secs using 690.3% CPU
Computing ML distances took 1.422848 sec (of wall-clock time) 9.818176 sec (of CPU time)
WARNING: Some pairwise ML distances are too long (saturated)
Setting up auxiliary I and S matrices: done in 0.000217915 secs using 252.9% CPU
Constructing RapidNJ tree: done in 0.0234401 secs using 64.67% CPU
Computing RapidNJ tree took 0.023769 sec (of wall-clock time) 0.015736 sec (of CPU time)
Log-likelihood of RapidNJ tree: -166161.633
--------------------------------------------------------------------
|             INITIALIZING CANDIDATE TREE SET                      |
--------------------------------------------------------------------

Do NNI search on 2 best initial trees
Optimizing NNI: done in 6.32854 secs using 363.1% CPU
Estimate model parameters (epsilon = 0.500)
BETTER TREE FOUND at iteration 1: -165116.787
Optimizing NNI: done in 14.9929 secs using 394.1% CPU
Estimate model parameters (epsilon = 0.500)
BETTER TREE FOUND at iteration 2: -165097.602
Finish initializing candidate tree set (4)
Current best tree score: -165097.602 / CPU time: 23.840
Number of iterations: 2
TREE SEARCH COMPLETED AFTER 2 ITERATIONS / Time: 0h:0m:42s

--------------------------------------------------------------------
|                    FINALIZING TREE SEARCH                        |
--------------------------------------------------------------------
Performs final model parameters optimization
Estimate model parameters (epsilon = 0.050)
1. Initial log-likelihood: -165097.602
2. Current log-likelihood: -165097.485
3. Current log-likelihood: -165097.400
4. Current log-likelihood: -165097.334
Optimal log-likelihood: -165097.285
Proportion of invariable sites: 0.000
Gamma shape alpha: 1.324
Parameters optimization took 4 rounds (2.606 sec)
BEST SCORE FOUND : -165097.285
Total tree length: 122.699

Total number of iterations: 2
CPU time used for tree search: 94.784 sec (0h:1m:34s)
Wall-clock time used for tree search: 23.841 sec (0h:0m:23s)
Total CPU time used: 197.740 sec (0h:3m:17s)
Total wall-clock time used: 44.926 sec (0h:0m:44s)

Analysis results written to: 
  IQ-TREE report:                results_part1_v3/DNA_methylase/DNA_methylase_aligned.fasta.iqtree
  Maximum-likelihood tree:       results_part1_v3/DNA_methylase/DNA_methylase_aligned.fasta.treefile
  Likelihood distances:          results_part1_v3/DNA_methylase/DNA_methylase_aligned.fasta.mldist
  Screen log file:               results_part1_v3/DNA_methylase/DNA_methylase_aligned.fasta.log

Date and Time: Mon Oct 20 22:01:20 2025
