IQ-TREE version 3.0.1 for MacOS ARM 64-bit built Jul  9 2025
Developed by Bui Quang Minh, Thomas Wong, Nhan Ly-Trong, Huaiyan Ren
Contributed by Lam-Tung Nguyen, Dominik Schrempf, Chris Bielow,
Olga Chernomor, Michael Woodhams, Diep Thi Hoang, Heiko Schmidt

Host:    QY066DPX6V.crg.es (SSE4.2, 16 GB RAM)
Command: iqtree -s results_part1_v3/APOBEC_N/APOBEC_N_aligned.fasta -st AA -m JTT+F+I+G4 -nt 8 --safe --redo --fast
Seed:    732147 (Using SPRNG - Scalable Parallel Random Number Generator)
Time:    Mon Oct 20 21:58:57 2025
Kernel:  Safe SSE2 - 8 threads (10 CPU cores detected)

Reading alignment file results_part1_v3/APOBEC_N/APOBEC_N_aligned.fasta ... Fasta format detected
Reading fasta file: done in 0.001652 secs using 72.09% CPU
Alignment most likely contains protein sequences
Constructing alignment: done in 0.00100303 secs using 74.97% CPU
Alignment has 105 sequences with 1090 columns, 1023 distinct patterns
582 parsimony-informative, 255 singleton sites, 253 constant sites
Analyzing sequences: done in 7.89165e-05 secs using 230.6% CPU
WARNING: 105 sequences contain more than 50% gaps/ambiguity
Checking for duplicate sequences: done in 0.000298977 secs using 90.98% CPU

Create initial parsimony tree by phylogenetic likelihood library (PLL)... 0.02 seconds

NOTE: 67 MB RAM (0 GB) is required!
Estimate model parameters (epsilon = 0.50)
1. Initial log-likelihood: -35597.00
2. Current log-likelihood: -32877.42
3. Current log-likelihood: -32783.81
4. Current log-likelihood: -32779.53
5. Current log-likelihood: -32778.42
Optimal log-likelihood: -32778.01
Proportion of invariable sites: 0.01
Gamma shape alpha: 1.92
Parameters optimization took 5 rounds (1.29 sec)
Wrote distance file to... 
Computing ML distances based on estimated model parameters...
Calculating distance matrix: done in 0.574385 secs using 710% CPU
Computing ML distances took 0.574673 sec (of wall-clock time) 4.078609 sec (of CPU time)
WARNING: Some pairwise ML distances are too long (saturated)
Setting up auxiliary I and S matrices: done in 0.000175953 secs using 222.8% CPU
Constructing RapidNJ tree: done in 0.014919 secs using 57.92% CPU
Computing RapidNJ tree took 0.015164 sec (of wall-clock time) 0.009081 sec (of CPU time)
Log-likelihood of RapidNJ tree: -33145.996
--------------------------------------------------------------------
|             INITIALIZING CANDIDATE TREE SET                      |
--------------------------------------------------------------------

Do NNI search on 2 best initial trees
Optimizing NNI: done in 2.69988 secs using 209.1% CPU
Estimate model parameters (epsilon = 0.500)
BETTER TREE FOUND at iteration 1: -32712.457
Optimizing NNI: done in 2.73884 secs using 209.4% CPU
Finish initializing candidate tree set (4)
Current best tree score: -32712.457 / CPU time: 5.659
Number of iterations: 2
TREE SEARCH COMPLETED AFTER 2 ITERATIONS / Time: 0h:0m:8s

--------------------------------------------------------------------
|                    FINALIZING TREE SEARCH                        |
--------------------------------------------------------------------
Performs final model parameters optimization
Estimate model parameters (epsilon = 0.050)
1. Initial log-likelihood: -32712.457
Optimal log-likelihood: -32712.437
Proportion of invariable sites: 0.007
Gamma shape alpha: 1.933
Parameters optimization took 1 rounds (0.182 sec)
BEST SCORE FOUND : -32712.437
Total tree length: 49.235

Total number of iterations: 2
CPU time used for tree search: 12.191 sec (0h:0m:12s)
Wall-clock time used for tree search: 5.659 sec (0h:0m:5s)
Total CPU time used: 23.410 sec (0h:0m:23s)
Total wall-clock time used: 8.610 sec (0h:0m:8s)

Analysis results written to: 
  IQ-TREE report:                results_part1_v3/APOBEC_N/APOBEC_N_aligned.fasta.iqtree
  Maximum-likelihood tree:       results_part1_v3/APOBEC_N/APOBEC_N_aligned.fasta.treefile
  Likelihood distances:          results_part1_v3/APOBEC_N/APOBEC_N_aligned.fasta.mldist
  Screen log file:               results_part1_v3/APOBEC_N/APOBEC_N_aligned.fasta.log

Date and Time: Mon Oct 20 21:59:06 2025
