IQ-TREE version 3.0.1 for MacOS ARM 64-bit built Jul  9 2025
Developed by Bui Quang Minh, Thomas Wong, Nhan Ly-Trong, Huaiyan Ren
Contributed by Lam-Tung Nguyen, Dominik Schrempf, Chris Bielow,
Olga Chernomor, Michael Woodhams, Diep Thi Hoang, Heiko Schmidt

Host:    QY066DPX6V.crg.es (SSE4.2, 16 GB RAM)
Command: iqtree -s results_part1_v3/MT-A70/MT-A70_aligned.fasta -st AA -m JTT+F+I+G4 -nt 8 --safe --redo --fast
Seed:    349689 (Using SPRNG - Scalable Parallel Random Number Generator)
Time:    Mon Oct 20 22:05:42 2025
Kernel:  Safe SSE2 - 8 threads (10 CPU cores detected)

Reading alignment file results_part1_v3/MT-A70/MT-A70_aligned.fasta ... Fasta format detected
Reading fasta file: done in 0.00302982 secs using 90.47% CPU
Alignment most likely contains protein sequences
Constructing alignment: done in 0.00275183 secs using 74.86% CPU
Alignment has 99 sequences with 2836 columns, 2097 distinct patterns
954 parsimony-informative, 919 singleton sites, 963 constant sites
Analyzing sequences: done in 0.000121117 secs using 335.2% CPU
WARNING: 98 sequences contain more than 50% gaps/ambiguity
Checking for duplicate sequences: done in 0.000524044 secs using 92.93% CPU
Identifying sites to remove: done in 0.00207996 secs using 91.2% CPU
NOTE: 2 identical sequences (see below) will be ignored for subsequent analysis
Alignment was printed to results_part1_v3/MT-A70/MT-A70_aligned.fasta.uniqueseq.phy

For your convenience alignment with unique sequences printed to results_part1_v3/MT-A70/MT-A70_aligned.fasta.uniqueseq.phy

Create initial parsimony tree by phylogenetic likelihood library (PLL)... 0.03 seconds

NOTE: 126 MB RAM (0 GB) is required!
Estimate model parameters (epsilon = 0.50)
1. Initial log-likelihood: -86077.51
2. Current log-likelihood: -76263.87
3. Current log-likelihood: -76026.26
4. Current log-likelihood: -76000.89
5. Current log-likelihood: -75991.20
6. Current log-likelihood: -75986.49
7. Current log-likelihood: -75984.09
8. Current log-likelihood: -75982.83
9. Current log-likelihood: -75982.16
Optimal log-likelihood: -75981.80
Proportion of invariable sites: 0.00
Gamma shape alpha: 1.52
Parameters optimization took 9 rounds (2.98 sec)
Wrote distance file to... 
Computing ML distances based on estimated model parameters...
Calculating distance matrix: done in 0.663734 secs using 582.7% CPU
Computing ML distances took 0.664039 sec (of wall-clock time) 3.867989 sec (of CPU time)
WARNING: Some pairwise ML distances are too long (saturated)
Setting up auxiliary I and S matrices: done in 0.000193119 secs using 217.5% CPU
Constructing RapidNJ tree: done in 0.0133538 secs using 58.11% CPU
Computing RapidNJ tree took 0.013599 sec (of wall-clock time) 0.008221 sec (of CPU time)
Log-likelihood of RapidNJ tree: -76339.951
--------------------------------------------------------------------
|             INITIALIZING CANDIDATE TREE SET                      |
--------------------------------------------------------------------

Do NNI search on 2 best initial trees
Optimizing NNI: done in 1.91194 secs using 278.2% CPU
Estimate model parameters (epsilon = 0.500)
BETTER TREE FOUND at iteration 1: -75896.857
Optimizing NNI: done in 3.67748 secs using 307.6% CPU
Finish initializing candidate tree set (4)
Current best tree score: -75896.857 / CPU time: 5.920
Number of iterations: 2
TREE SEARCH COMPLETED AFTER 2 ITERATIONS / Time: 0h:0m:11s

--------------------------------------------------------------------
|                    FINALIZING TREE SEARCH                        |
--------------------------------------------------------------------
Performs final model parameters optimization
Estimate model parameters (epsilon = 0.050)
1. Initial log-likelihood: -75896.857
2. Current log-likelihood: -75896.730
3. Current log-likelihood: -75896.660
Optimal log-likelihood: -75896.618
Proportion of invariable sites: 0.001
Gamma shape alpha: 1.514
Parameters optimization took 3 rounds (0.602 sec)
BEST SCORE FOUND : -75896.618
Total tree length: 86.105

Total number of iterations: 2
CPU time used for tree search: 18.037 sec (0h:0m:18s)
Wall-clock time used for tree search: 5.921 sec (0h:0m:5s)
Total CPU time used: 43.459 sec (0h:0m:43s)
Total wall-clock time used: 12.045 sec (0h:0m:12s)

Analysis results written to: 
  IQ-TREE report:                results_part1_v3/MT-A70/MT-A70_aligned.fasta.iqtree
  Maximum-likelihood tree:       results_part1_v3/MT-A70/MT-A70_aligned.fasta.treefile
  Likelihood distances:          results_part1_v3/MT-A70/MT-A70_aligned.fasta.mldist
  Screen log file:               results_part1_v3/MT-A70/MT-A70_aligned.fasta.log

Date and Time: Mon Oct 20 22:05:54 2025
