IQ-TREE version 3.0.1 for MacOS ARM 64-bit built Jul  9 2025
Developed by Bui Quang Minh, Thomas Wong, Nhan Ly-Trong, Huaiyan Ren
Contributed by Lam-Tung Nguyen, Dominik Schrempf, Chris Bielow,
Olga Chernomor, Michael Woodhams, Diep Thi Hoang, Heiko Schmidt

Host:    QY066DPX6V.crg.es (SSE4.2, 16 GB RAM)
Command: iqtree -s results_part1_v3/EMG1/EMG1_aligned.fasta -st AA -m JTT+F+I+G4 -nt 8 --safe --redo --fast
Seed:    850540 (Using SPRNG - Scalable Parallel Random Number Generator)
Time:    Mon Oct 20 22:01:37 2025
Kernel:  Safe SSE2 - 8 threads (10 CPU cores detected)

Reading alignment file results_part1_v3/EMG1/EMG1_aligned.fasta ... Fasta format detected
Reading fasta file: done in 0.00040102 secs using 81.04% CPU
Alignment most likely contains protein sequences
Constructing alignment: done in 0.000370979 secs using 66.58% CPU
Alignment has 44 sequences with 618 columns, 464 distinct patterns
242 parsimony-informative, 154 singleton sites, 222 constant sites
Analyzing sequences: done in 3.50475e-05 secs using 131.3% CPU
WARNING: 41 sequences contain more than 50% gaps/ambiguity
Checking for duplicate sequences: done in 9.70364e-05 secs using 76.26% CPU

Create initial parsimony tree by phylogenetic likelihood library (PLL)... 0.00 seconds

NOTE: 13 MB RAM (0 GB) is required!
Estimate model parameters (epsilon = 0.50)
1. Initial log-likelihood: -16157.71
2. Current log-likelihood: -15226.83
3. Current log-likelihood: -15194.20
4. Current log-likelihood: -15188.64
5. Current log-likelihood: -15187.07
6. Current log-likelihood: -15186.54
Optimal log-likelihood: -15186.33
Proportion of invariable sites: 0.01
Gamma shape alpha: 1.21
Parameters optimization took 6 rounds (0.43 sec)
Wrote distance file to... 
Computing ML distances based on estimated model parameters...
Calculating distance matrix: done in 0.0965152 secs using 688.2% CPU
Computing ML distances took 0.096739 sec (of wall-clock time) 0.664337 sec (of CPU time)
Setting up auxiliary I and S matrices: done in 0.000180006 secs using 127.8% CPU
Constructing RapidNJ tree: done in 0.00504017 secs using 48.71% CPU
Computing RapidNJ tree took 0.005291 sec (of wall-clock time) 0.002724 sec (of CPU time)
Log-likelihood of RapidNJ tree: -15210.811
--------------------------------------------------------------------
|             INITIALIZING CANDIDATE TREE SET                      |
--------------------------------------------------------------------

Do NNI search on 2 best initial trees
Optimizing NNI: done in 0.599427 secs using 123.6% CPU
Estimate model parameters (epsilon = 0.500)
BETTER TREE FOUND at iteration 1: -15162.529
Optimizing NNI: done in 0.687083 secs using 128.3% CPU
Estimate model parameters (epsilon = 0.500)
BETTER TREE FOUND at iteration 2: -15157.710
Finish initializing candidate tree set (4)
Current best tree score: -15157.710 / CPU time: 1.395
Number of iterations: 2
TREE SEARCH COMPLETED AFTER 2 ITERATIONS / Time: 0h:0m:2s

--------------------------------------------------------------------
|                    FINALIZING TREE SEARCH                        |
--------------------------------------------------------------------
Performs final model parameters optimization
Estimate model parameters (epsilon = 0.050)
1. Initial log-likelihood: -15157.710
Optimal log-likelihood: -15157.705
Proportion of invariable sites: 0.007
Gamma shape alpha: 1.187
Parameters optimization took 1 rounds (0.046 sec)
BEST SCORE FOUND : -15157.705
Total tree length: 37.157

Total number of iterations: 2
CPU time used for tree search: 1.899 sec (0h:0m:1s)
Wall-clock time used for tree search: 1.395 sec (0h:0m:1s)
Total CPU time used: 4.150 sec (0h:0m:4s)
Total wall-clock time used: 2.233 sec (0h:0m:2s)

Analysis results written to: 
  IQ-TREE report:                results_part1_v3/EMG1/EMG1_aligned.fasta.iqtree
  Maximum-likelihood tree:       results_part1_v3/EMG1/EMG1_aligned.fasta.treefile
  Likelihood distances:          results_part1_v3/EMG1/EMG1_aligned.fasta.mldist
  Screen log file:               results_part1_v3/EMG1/EMG1_aligned.fasta.log

Date and Time: Mon Oct 20 22:01:40 2025
