IQ-TREE version 3.0.1 for MacOS ARM 64-bit built Jul  9 2025
Developed by Bui Quang Minh, Thomas Wong, Nhan Ly-Trong, Huaiyan Ren
Contributed by Lam-Tung Nguyen, Dominik Schrempf, Chris Bielow,
Olga Chernomor, Michael Woodhams, Diep Thi Hoang, Heiko Schmidt

Host:    QY066DPX6V.crg.es (SSE4.2, 16 GB RAM)
Command: iqtree -s results_part1_v3/Fibrillarin/Fibrillarin_aligned.fasta -st AA -m JTT+F+I+G4 -nt 8 --safe --redo --fast
Seed:    402196 (Using SPRNG - Scalable Parallel Random Number Generator)
Time:    Mon Oct 20 22:01:48 2025
Kernel:  Safe SSE2 - 8 threads (10 CPU cores detected)

Reading alignment file results_part1_v3/Fibrillarin/Fibrillarin_aligned.fasta ... Fasta format detected
Reading fasta file: done in 0.00144696 secs using 86.39% CPU
Alignment most likely contains protein sequences
Constructing alignment: done in 0.0010519 secs using 70.82% CPU
Alignment has 72 sequences with 1580 columns, 667 distinct patterns
310 parsimony-informative, 254 singleton sites, 1016 constant sites
Analyzing sequences: done in 4.00543e-05 secs using 177.3% CPU
WARNING: 71 sequences contain more than 50% gaps/ambiguity
Checking for duplicate sequences: done in 0.000165939 secs using 85.57% CPU

Create initial parsimony tree by phylogenetic likelihood library (PLL)... 0.01 seconds

NOTE: 30 MB RAM (0 GB) is required!
Estimate model parameters (epsilon = 0.50)
1. Initial log-likelihood: -23434.45
2. Current log-likelihood: -21280.77
3. Current log-likelihood: -21166.66
4. Current log-likelihood: -21142.37
5. Current log-likelihood: -21127.84
6. Current log-likelihood: -21118.86
7. Current log-likelihood: -21113.16
8. Current log-likelihood: -21109.46
9. Current log-likelihood: -21107.01
10. Current log-likelihood: -21105.36
11. Current log-likelihood: -21104.23
12. Current log-likelihood: -21103.43
13. Current log-likelihood: -21102.87
Optimal log-likelihood: -21102.47
Proportion of invariable sites: 0.01
Gamma shape alpha: 1.03
Parameters optimization took 13 rounds (1.08 sec)
Wrote distance file to... 
Computing ML distances based on estimated model parameters...
Calculating distance matrix: done in 0.227637 secs using 701.3% CPU
Computing ML distances took 0.227819 sec (of wall-clock time) 1.596642 sec (of CPU time)
WARNING: Some pairwise ML distances are too long (saturated)
Setting up auxiliary I and S matrices: done in 0.000156879 secs using 124.9% CPU
Constructing RapidNJ tree: done in 0.00834703 secs using 58.08% CPU
Computing RapidNJ tree took 0.008564 sec (of wall-clock time) 0.005064 sec (of CPU time)
Log-likelihood of RapidNJ tree: -21096.369
--------------------------------------------------------------------
|             INITIALIZING CANDIDATE TREE SET                      |
--------------------------------------------------------------------

Do NNI search on 2 best initial trees
Optimizing NNI: done in 1.40111 secs using 175.4% CPU
Estimate model parameters (epsilon = 0.500)
BETTER TREE FOUND at iteration 1: -21026.701
Optimizing NNI: done in 1.56522 secs using 174.8% CPU
Finish initializing candidate tree set (4)
Current best tree score: -21026.701 / CPU time: 3.074
Number of iterations: 2
TREE SEARCH COMPLETED AFTER 2 ITERATIONS / Time: 0h:0m:4s

--------------------------------------------------------------------
|                    FINALIZING TREE SEARCH                        |
--------------------------------------------------------------------
Performs final model parameters optimization
Estimate model parameters (epsilon = 0.050)
1. Initial log-likelihood: -21026.701
2. Current log-likelihood: -21026.472
3. Current log-likelihood: -21026.300
4. Current log-likelihood: -21026.167
5. Current log-likelihood: -21026.063
6. Current log-likelihood: -21025.980
7. Current log-likelihood: -21025.914
8. Current log-likelihood: -21025.859
Optimal log-likelihood: -21025.815
Proportion of invariable sites: 0.002
Gamma shape alpha: 1.005
Parameters optimization took 8 rounds (0.525 sec)
BEST SCORE FOUND : -21025.815
Total tree length: 42.301

Total number of iterations: 2
CPU time used for tree search: 5.545 sec (0h:0m:5s)
Wall-clock time used for tree search: 3.074 sec (0h:0m:3s)
Total CPU time used: 13.182 sec (0h:0m:13s)
Total wall-clock time used: 5.377 sec (0h:0m:5s)

Analysis results written to: 
  IQ-TREE report:                results_part1_v3/Fibrillarin/Fibrillarin_aligned.fasta.iqtree
  Maximum-likelihood tree:       results_part1_v3/Fibrillarin/Fibrillarin_aligned.fasta.treefile
  Likelihood distances:          results_part1_v3/Fibrillarin/Fibrillarin_aligned.fasta.mldist
  Screen log file:               results_part1_v3/Fibrillarin/Fibrillarin_aligned.fasta.log

Date and Time: Mon Oct 20 22:01:53 2025
