IQ-TREE version 3.0.1 for MacOS ARM 64-bit built Jul  9 2025
Developed by Bui Quang Minh, Thomas Wong, Nhan Ly-Trong, Huaiyan Ren
Contributed by Lam-Tung Nguyen, Dominik Schrempf, Chris Bielow,
Olga Chernomor, Michael Woodhams, Diep Thi Hoang, Heiko Schmidt

Host:    QY066DPX6V.crg.es (SSE4.2, 16 GB RAM)
Command: iqtree -s results_part1_v3/FtsJ/FtsJ_aligned.fasta -st AA -m JTT+F+I+G4 -nt 8 --safe --redo --fast
Seed:    504713 (Using SPRNG - Scalable Parallel Random Number Generator)
Time:    Mon Oct 20 22:02:34 2025
Kernel:  Safe SSE2 - 8 threads (10 CPU cores detected)

Reading alignment file results_part1_v3/FtsJ/FtsJ_aligned.fasta ... Fasta format detected
Reading fasta file: done in 0.019737 secs using 90.15% CPU
Alignment most likely contains protein sequences
Constructing alignment: done in 0.0127971 secs using 78.94% CPU
Alignment has 295 sequences with 6532 columns, 4921 distinct patterns
2273 parsimony-informative, 2022 singleton sites, 2237 constant sites
Analyzing sequences: done in 0.000766039 secs using 361.5% CPU
WARNING: 295 sequences contain more than 50% gaps/ambiguity
Checking for duplicate sequences: done in 0.00133801 secs using 238.1% CPU
Identifying sites to remove: done in 0.00958896 secs using 91.52% CPU
NOTE: 1 identical sequences (see below) will be ignored for subsequent analysis
Alignment was printed to results_part1_v3/FtsJ/FtsJ_aligned.fasta.uniqueseq.phy

For your convenience alignment with unique sequences printed to results_part1_v3/FtsJ/FtsJ_aligned.fasta.uniqueseq.phy

Create initial parsimony tree by phylogenetic likelihood library (PLL)... 0.41 seconds

NOTE: 897 MB RAM (0 GB) is required!
Estimate model parameters (epsilon = 0.50)
1. Initial log-likelihood: -303295.97
2. Current log-likelihood: -243163.41
3. Current log-likelihood: -242255.44
4. Current log-likelihood: -242201.20
5. Current log-likelihood: -242180.46
6. Current log-likelihood: -242170.92
7. Current log-likelihood: -242165.80
8. Current log-likelihood: -242162.88
9. Current log-likelihood: -242161.14
10. Current log-likelihood: -242160.05
11. Current log-likelihood: -242159.34
Optimal log-likelihood: -242158.83
Proportion of invariable sites: 0.00
Gamma shape alpha: 1.81
Parameters optimization took 11 rounds (22.48 sec)
Wrote distance file to... 
Computing ML distances based on estimated model parameters...
Calculating distance matrix: done in 4.96866 secs using 709.4% CPU
Computing ML distances took 4.971768 sec (of wall-clock time) 35.252953 sec (of CPU time)
WARNING: Some pairwise ML distances are too long (saturated)
Setting up auxiliary I and S matrices: done in 0.00531912 secs using 715% CPU
Constructing RapidNJ tree: done in 0.052295 secs using 67.05% CPU
Computing RapidNJ tree took 0.057719 sec (of wall-clock time) 0.073180 sec (of CPU time)
Log-likelihood of RapidNJ tree: -243742.124
--------------------------------------------------------------------
|             INITIALIZING CANDIDATE TREE SET                      |
--------------------------------------------------------------------

Do NNI search on 2 best initial trees
Optimizing NNI: done in 19.9971 secs using 402% CPU
Estimate model parameters (epsilon = 0.500)
BETTER TREE FOUND at iteration 1: -241685.400
Optimizing NNI: done in 25.9146 secs using 398.8% CPU
Finish initializing candidate tree set (4)
Current best tree score: -241685.400 / CPU time: 48.089
Number of iterations: 2
TREE SEARCH COMPLETED AFTER 2 ITERATIONS / Time: 0h:1m:24s

--------------------------------------------------------------------
|                    FINALIZING TREE SEARCH                        |
--------------------------------------------------------------------
Performs final model parameters optimization
Estimate model parameters (epsilon = 0.050)
1. Initial log-likelihood: -241685.400
2. Current log-likelihood: -241685.196
3. Current log-likelihood: -241685.052
4. Current log-likelihood: -241684.950
5. Current log-likelihood: -241684.874
6. Current log-likelihood: -241684.818
Optimal log-likelihood: -241684.774
Proportion of invariable sites: 0.001
Gamma shape alpha: 1.792
Parameters optimization took 6 rounds (8.416 sec)
BEST SCORE FOUND : -241684.774
Total tree length: 273.501

Total number of iterations: 2
CPU time used for tree search: 194.677 sec (0h:3m:14s)
Wall-clock time used for tree search: 48.089 sec (0h:0m:48s)
Total CPU time used: 418.971 sec (0h:6m:58s)
Total wall-clock time used: 93.276 sec (0h:1m:33s)

Analysis results written to: 
  IQ-TREE report:                results_part1_v3/FtsJ/FtsJ_aligned.fasta.iqtree
  Maximum-likelihood tree:       results_part1_v3/FtsJ/FtsJ_aligned.fasta.treefile
  Likelihood distances:          results_part1_v3/FtsJ/FtsJ_aligned.fasta.mldist
  Screen log file:               results_part1_v3/FtsJ/FtsJ_aligned.fasta.log

Date and Time: Mon Oct 20 22:04:07 2025
